<?xml version="1.0" encoding="UTF-8" standalone="no"?>
<!DOCTYPE log SYSTEM "logger.dtd">
<log>
<record>
  <date>2018-05-03T14:17:53.287-0300</date>
  <logger>DANIELE APARECIDA DE MELO SILVA</logger>
  <level>FINE</level>
  <message>File 117110348-DANIELE APARECIDA DE MELO SILVA.zip was received. It was sent by DANIELE APARECIDA DE MELO SILVA from IP 150.165.42.139</message>
</record>
</log>
<?xml version="1.0" encoding="UTF-8" standalone="no"?>
<!DOCTYPE log SYSTEM "logger.dtd">
<log>
<record>
  <date>2018-05-03T15:51:17.753-0300</date>
  <logger>DANIELE APARECIDA DE MELO SILVA</logger>
  <level>FINE</level>
  <message>File 117110348-DANIELE APARECIDA DE MELO SILVA.zip was received. It was sent by DANIELE APARECIDA DE MELO SILVA from IP 150.165.42.139</message>
</record>
</log>
<?xml version="1.0" encoding="UTF-8" standalone="no"?>
<!DOCTYPE log SYSTEM "logger.dtd">
<log>
<record>
  <date>2018-05-03T22:11:19.205-0300</date>
  <logger>DANIELE APARECIDA DE MELO SILVA</logger>
  <level>FINE</level>
  <message>File 117110348-DANIELE APARECIDA DE MELO SILVA.zip was received. It was sent by DANIELE APARECIDA DE MELO SILVA from IP 169.254.57.3</message>
</record>
</log>
<?xml version="1.0" encoding="UTF-8" standalone="no"?>
<!DOCTYPE log SYSTEM "logger.dtd">
<log>
<record>
  <date>2018-05-06T10:12:02.478-0300</date>
  <logger>DANIELE APARECIDA DE MELO SILVA</logger>
  <level>FINE</level>
  <message>File 117110348-DANIELE APARECIDA DE MELO SILVA.zip was received. It was sent by DANIELE APARECIDA DE MELO SILVA from IP 169.254.57.3</message>
</record>
