<?xml version="1.0" encoding="UTF-8" standalone="no"?>
<!DOCTYPE log SYSTEM "logger.dtd">
<log>
<record>
  <date>2018-05-28T20:40:03.473-0300</date>
  <logger>DANIELE APARECIDA DE MELO SILVA</logger>
  <level>FINE</level>
  <message>File 117110348-DANIELE APARECIDA DE MELO SILVA.zip was received. It was sent by DANIELE APARECIDA DE MELO SILVA from IP 169.254.57.3</message>
</record>
</log>
<?xml version="1.0" encoding="UTF-8" standalone="no"?>
<!DOCTYPE log SYSTEM "logger.dtd">
<log>
<record>
  <date>2018-05-28T22:42:13.370-0300</date>
  <logger>DANIELE APARECIDA DE MELO SILVA</logger>
  <level>FINE</level>
  <message>File 117110348-DANIELE APARECIDA DE MELO SILVA.zip was received. It was sent by DANIELE APARECIDA DE MELO SILVA from IP 169.254.57.3</message>
</record>
</log>
<?xml version="1.0" encoding="UTF-8" standalone="no"?>
<!DOCTYPE log SYSTEM "logger.dtd">
<log>
<record>
  <date>2018-05-29T21:57:12.584-0300</date>
  <logger>DANIELE APARECIDA DE MELO SILVA</logger>
  <level>FINE</level>
  <message>File 117110348-DANIELE APARECIDA DE MELO SILVA.zip was received. It was sent by DANIELE APARECIDA DE MELO SILVA from IP 169.254.57.3</message>
</record>
</log>
<?xml version="1.0" encoding="UTF-8" standalone="no"?>
<!DOCTYPE log SYSTEM "logger.dtd">
<log>
<record>
  <date>2018-05-29T21:57:12.651-0300</date>
  <logger>DANIELE APARECIDA DE MELO SILVA</logger>
  <level>FINE</level>
  <message>File 117110348-DANIELE APARECIDA DE MELO SILVA.zip was received. It was sent by DANIELE APARECIDA DE MELO SILVA from IP 169.254.57.3</message>
</record>
