<?xml version="1.0" encoding="UTF-8" standalone="no"?>
<!DOCTYPE log SYSTEM "logger.dtd">
<log>
<record>
  <date>2018-06-04T16:14:35.092-0300</date>
  <logger>DANIELE APARECIDA DE MELO SILVA</logger>
  <level>FINE</level>
  <message>File 117110348-DANIELE APARECIDA DE MELO SILVA.zip was received. It was sent by DANIELE APARECIDA DE MELO SILVA from IP 192.168.130.215</message>
</record>
</log>
<?xml version="1.0" encoding="UTF-8" standalone="no"?>
<!DOCTYPE log SYSTEM "logger.dtd">
<log>
<record>
  <date>2018-06-06T20:30:20.761-0300</date>
  <logger>DANIELE APARECIDA DE MELO SILVA</logger>
  <level>FINE</level>
  <message>File 117110348-DANIELE APARECIDA DE MELO SILVA.zip was received. It was sent by DANIELE APARECIDA DE MELO SILVA from IP 169.254.57.3</message>
</record>
</log>
<?xml version="1.0" encoding="UTF-8" standalone="no"?>
<!DOCTYPE log SYSTEM "logger.dtd">
<log>
<record>
  <date>2018-06-06T21:02:07.976-0300</date>
  <logger>DANIELE APARECIDA DE MELO SILVA</logger>
  <level>FINE</level>
  <message>File 117110348-DANIELE APARECIDA DE MELO SILVA.zip was received. It was sent by DANIELE APARECIDA DE MELO SILVA from IP 169.254.57.3</message>
</record>
</log>
<?xml version="1.0" encoding="UTF-8" standalone="no"?>
<!DOCTYPE log SYSTEM "logger.dtd">
<log>
<record>
  <date>2018-06-06T21:02:58.739-0300</date>
  <logger>DANIELE APARECIDA DE MELO SILVA</logger>
  <level>FINE</level>
  <message>File 117110348-DANIELE APARECIDA DE MELO SILVA.zip was received. It was sent by DANIELE APARECIDA DE MELO SILVA from IP 169.254.57.3</message>
</record>
