<?xml version="1.0" encoding="UTF-8" standalone="no"?>
<!DOCTYPE log SYSTEM "logger.dtd">
<log>
<record>
  <date>2018-07-16T16:16:12.248-0300</date>
  <logger>DANIELE APARECIDA DE MELO SILVA</logger>
  <level>FINE</level>
  <message>File 117110348-DANIELE APARECIDA DE MELO SILVA.zip was received. It was sent by DANIELE APARECIDA DE MELO SILVA from IP 192.168.1.166</message>
</record>
</log>
<?xml version="1.0" encoding="UTF-8" standalone="no"?>
<!DOCTYPE log SYSTEM "logger.dtd">
<log>
<record>
  <date>2018-07-16T21:15:47.330-0300</date>
  <logger>DANIELE APARECIDA DE MELO SILVA</logger>
  <level>FINE</level>
  <message>File 117110348-DANIELE APARECIDA DE MELO SILVA.zip was received. It was sent by DANIELE APARECIDA DE MELO SILVA from IP 169.254.57.3</message>
</record>
</log>
<?xml version="1.0" encoding="UTF-8" standalone="no"?>
<!DOCTYPE log SYSTEM "logger.dtd">
<log>
<record>
  <date>2018-07-16T21:31:06.129-0300</date>
  <logger>DANIELE APARECIDA DE MELO SILVA</logger>
  <level>FINE</level>
  <message>File 117110348-DANIELE APARECIDA DE MELO SILVA.zip was received. It was sent by DANIELE APARECIDA DE MELO SILVA from IP 169.254.57.3</message>
</record>
